@!@!@STARTMSG 2262:0 @!@!@
TLC2 Version 2.15 of Day Month 20?? (rev: 8f0e040b)
@!@!@ENDMSG 2262 @!@!@
@!@!@STARTMSG 2187:0 @!@!@
Running breadth-first search Model-Checking with fp 65 and seed -2910625161141920416 with 45 workers on 64 cores with 15259MB heap and 34317MB offheap memory [pid: 1096190] (Linux 5.4.0-56-generic amd64, AdoptOpenJDK 14.0.1 x86_64, OffHeapDiskFPSet, DiskStateQueue).
@!@!@ENDMSG 2187 @!@!@
@!@!@STARTMSG 2220:0 @!@!@
Starting SANY...
@!@!@ENDMSG 2220 @!@!@
Parsing file /home/ostera/repos/github.com/AbstractMachinesLab/lam/spec/LAM_ISA_Move.toolbox/Basic/MC.tla
Parsing file /home/ostera/repos/github.com/AbstractMachinesLab/lam/spec/LAM_ISA_Move.toolbox/Basic/LAM_ISA_Move.tla
Parsing file /home/ostera/repos/github.com/tlaplus/tlaplus/toolbox/plugins/org.lamport.tlatools_1.0.0.202012190712/tla2sany/StandardModules/TLC.tla
Parsing file /home/ostera/repos/github.com/tlaplus/tlaplus/toolbox/plugins/org.lamport.tlatools_1.0.0.202012190712/tla2sany/StandardModules/Naturals.tla
Parsing file /home/ostera/repos/github.com/tlaplus/tlaplus/toolbox/plugins/org.lamport.tlatools_1.0.0.202012190712/tla2sany/StandardModules/Sequences.tla
Parsing file /home/ostera/repos/github.com/tlaplus/tlaplus/toolbox/plugins/org.lamport.tlatools_1.0.0.202012190712/tla2sany/StandardModules/FiniteSets.tla
Semantic processing of module Naturals
Semantic processing of module Sequences
Semantic processing of module LAM_ISA_Move
Semantic processing of module FiniteSets
Semantic processing of module TLC
Semantic processing of module MC
@!@!@STARTMSG 2219:0 @!@!@
SANY finished.
@!@!@ENDMSG 2219 @!@!@
@!@!@STARTMSG 2185:0 @!@!@
Starting... (2020-12-19 14:05:44)
@!@!@ENDMSG 2185 @!@!@
@!@!@STARTMSG 2189:0 @!@!@
Computing initial states...
@!@!@ENDMSG 2189 @!@!@
@!@!@STARTMSG 2190:0 @!@!@
Finished computing initial states: 1 distinct state generated at 2020-12-19 14:05:47.
@!@!@ENDMSG 2190 @!@!@
@!@!@STARTMSG 2111:1 @!@!@
Evaluating invariant TypeInvariant failed.
A non-function (a model value) was applied as a function.
line 75, col 31 to line 75, col 49 of module LAM_ISA_Move
@!@!@ENDMSG 2111 @!@!@
@!@!@STARTMSG 2121:1 @!@!@
The behavior up to this point is:
@!@!@ENDMSG 2121 @!@!@
@!@!@STARTMSG 2217:4 @!@!@
1: <Initial predicate>
/\ current_move = Nil
/\ stack = <<>>
/\ move = defaultInitValue
/\ global_registers = ( 0 :> Nil @@
  1 :> Nil @@
  2 :> Nil @@
  3 :> Nil @@
  4 :> Nil @@
  5 :> Nil @@
  6 :> Nil @@
  7 :> Nil @@
  8 :> Nil )
/\ pc = "Run"
/\ local_registers = ( 0 :> Nil @@
  1 :> Nil @@
  2 :> Nil @@
  3 :> Nil @@
  4 :> Nil @@
  5 :> Nil @@
  6 :> Nil @@
  7 :> Nil @@
  8 :> Nil )
/\ current_count = 10

@!@!@ENDMSG 2217 @!@!@
@!@!@STARTMSG 2217:4 @!@!@
2: <Run line 119, col 8 to line 137, col 59 of module LAM_ISA_Move>
/\ current_move = [dst |-> <<"local", 0>>, src |-> a]
/\ stack = <<[pc |-> "Run", move |-> defaultInitValue, procedure |-> "perform_move"]>>
/\ move = [dst |-> <<"local", 0>>, src |-> a]
/\ global_registers = ( 0 :> Nil @@
  1 :> Nil @@
  2 :> Nil @@
  3 :> Nil @@
  4 :> Nil @@
  5 :> Nil @@
  6 :> Nil @@
  7 :> Nil @@
  8 :> Nil )
/\ pc = "PerformMove"
/\ local_registers = ( 0 :> Nil @@
  1 :> Nil @@
  2 :> Nil @@
  3 :> Nil @@
  4 :> Nil @@
  5 :> Nil @@
  6 :> Nil @@
  7 :> Nil @@
  8 :> Nil )
/\ current_count = 9

@!@!@ENDMSG 2217 @!@!@
@!@!@STARTMSG 2103:1 @!@!@
The error occurred when TLC was evaluating the nested
expressions at the following positions:
0. Line 79, column 18 to line 80, column 40 in LAM_ISA_Move
1. Line 80, column 21 to line 80, column 40 in LAM_ISA_Move
2. Line 73, column 25 to line 77, column 65 in LAM_ISA_Move
3. Line 74, column 28 to line 77, column 65 in LAM_ISA_Move
4. Line 75, column 31 to line 75, column 67 in LAM_ISA_Move
5. Line 75, column 31 to line 75, column 49 in LAM_ISA_Move


@!@!@ENDMSG 2103 @!@!@
@!@!@STARTMSG 2201:0 @!@!@
The coverage statistics at 2020-12-19 14:05:47
@!@!@ENDMSG 2201 @!@!@
@!@!@STARTMSG 2773:0 @!@!@
<Init line 87, col 1 to line 87, col 4 of module LAM_ISA_Move>: 1:1
@!@!@ENDMSG 2773 @!@!@
@!@!@STARTMSG 2221:0 @!@!@
  line 88, col 9 to line 95, col 21 of module LAM_ISA_Move: 1
@!@!@ENDMSG 2221 @!@!@
@!@!@STARTMSG 2772:0 @!@!@
<PerformMove line 97, col 1 to line 97, col 11 of module LAM_ISA_Move>: 10:10
@!@!@ENDMSG 2772 @!@!@
@!@!@STARTMSG 2221:0 @!@!@
  line 97, col 19 to line 97, col 36 of module LAM_ISA_Move: 34
@!@!@ENDMSG 2221 @!@!@
@!@!@STARTMSG 2221:0 @!@!@
  |line 97, col 19 to line 97, col 20 of module LAM_ISA_Move: 24
@!@!@ENDMSG 2221 @!@!@
@!@!@STARTMSG 2221:0 @!@!@
  line 98, col 22 to line 98, col 69 of module LAM_ISA_Move: 10
@!@!@ENDMSG 2221 @!@!@
@!@!@STARTMSG 2221:0 @!@!@
  line 99, col 30 to line 99, col 121 of module LAM_ISA_Move: 0
@!@!@ENDMSG 2221 @!@!@
@!@!@STARTMSG 2221:0 @!@!@
  line 100, col 30 to line 100, col 54 of module LAM_ISA_Move: 0
@!@!@ENDMSG 2221 @!@!@
@!@!@STARTMSG 2221:0 @!@!@
  line 101, col 33 to line 101, col 78 of module LAM_ISA_Move: 10
@!@!@ENDMSG 2221 @!@!@
@!@!@STARTMSG 2221:0 @!@!@
  line 102, col 41 to line 102, col 129 of module LAM_ISA_Move: 10
@!@!@ENDMSG 2221 @!@!@
@!@!@STARTMSG 2221:0 @!@!@
  line 103, col 41 to line 103, col 66 of module LAM_ISA_Move: 10
@!@!@ENDMSG 2221 @!@!@
@!@!@STARTMSG 2221:0 @!@!@
  line 105, col 52 to line 105, col 142 of module LAM_ISA_Move: 0
@!@!@ENDMSG 2221 @!@!@
@!@!@STARTMSG 2221:0 @!@!@
  line 106, col 52 to line 106, col 76 of module LAM_ISA_Move: 0
@!@!@ENDMSG 2221 @!@!@
@!@!@STARTMSG 2221:0 @!@!@
  line 108, col 63 to line 108, col 152 of module LAM_ISA_Move: 0
@!@!@ENDMSG 2221 @!@!@
@!@!@STARTMSG 2221:0 @!@!@
  line 110, col 63 to line 110, col 87 of module LAM_ISA_Move: 0
@!@!@ENDMSG 2221 @!@!@
@!@!@STARTMSG 2221:0 @!@!@
  line 111, col 52 to line 111, col 77 of module LAM_ISA_Move: 0
@!@!@ENDMSG 2221 @!@!@
@!@!@STARTMSG 2221:0 @!@!@
  line 112, col 19 to line 112, col 38 of module LAM_ISA_Move: 10
@!@!@ENDMSG 2221 @!@!@
@!@!@STARTMSG 2221:0 @!@!@
  line 113, col 19 to line 113, col 42 of module LAM_ISA_Move: 10
@!@!@ENDMSG 2221 @!@!@
@!@!@STARTMSG 2221:0 @!@!@
  line 114, col 19 to line 114, col 38 of module LAM_ISA_Move: 10
@!@!@ENDMSG 2221 @!@!@
@!@!@STARTMSG 2221:0 @!@!@
  line 115, col 19 to line 115, col 61 of module LAM_ISA_Move: 10
@!@!@ENDMSG 2221 @!@!@
@!@!@STARTMSG 2772:0 @!@!@
<Run line 119, col 1 to line 119, col 3 of module LAM_ISA_Move>: 23:5235
@!@!@ENDMSG 2772 @!@!@
@!@!@STARTMSG 2221:0 @!@!@
  line 119, col 11 to line 119, col 20 of module LAM_ISA_Move: 27
@!@!@ENDMSG 2221 @!@!@
@!@!@STARTMSG 2221:0 @!@!@
  |line 119, col 11 to line 119, col 12 of module LAM_ISA_Move: 24
@!@!@ENDMSG 2221 @!@!@
@!@!@STARTMSG 2221:0 @!@!@
  line 120, col 14 to line 120, col 30 of module LAM_ISA_Move: 13
@!@!@ENDMSG 2221 @!@!@
@!@!@STARTMSG 2221:0 @!@!@
  line 121, col 22 to line 121, col 55 of module LAM_ISA_Move: 2
@!@!@ENDMSG 2221 @!@!@
@!@!@STARTMSG 2221:0 @!@!@
  |line 121, col 39 to line 121, col 55 of module LAM_ISA_Move: 12
@!@!@ENDMSG 2221 @!@!@
@!@!@STARTMSG 2221:0 @!@!@
  line 126, col 36 to line 126, col 42 of module LAM_ISA_Move: 5234
@!@!@ENDMSG 2221 @!@!@
@!@!@STARTMSG 2221:0 @!@!@
  line 127, col 44 to line 127, col 88 of module LAM_ISA_Move: 2592
@!@!@ENDMSG 2221 @!@!@
@!@!@STARTMSG 2221:0 @!@!@
  |line 127, col 60 to line 127, col 88 of module LAM_ISA_Move: 2602
@!@!@ENDMSG 2221 @!@!@
@!@!@STARTMSG 2221:0 @!@!@
  line 128, col 41 to line 128, col 88 of module LAM_ISA_Move: 2632
@!@!@ENDMSG 2221 @!@!@
@!@!@STARTMSG 2221:0 @!@!@
  line 129, col 36 to line 129, col 56 of module LAM_ISA_Move: 5224
@!@!@ENDMSG 2221 @!@!@
@!@!@STARTMSG 2221:0 @!@!@
  |line 129, col 44 to line 129, col 56 of module LAM_ISA_Move: 5234
@!@!@ENDMSG 2221 @!@!@
@!@!@STARTMSG 2221:0 @!@!@
  line 130, col 36 to line 133, col 53 of module LAM_ISA_Move: 5224
@!@!@ENDMSG 2221 @!@!@
@!@!@STARTMSG 2221:0 @!@!@
  |line 130, col 45 to line 133, col 53 of module LAM_ISA_Move: 5234
@!@!@ENDMSG 2221 @!@!@
@!@!@STARTMSG 2221:0 @!@!@
  line 134, col 33 to line 134, col 51 of module LAM_ISA_Move: 5224
@!@!@ENDMSG 2221 @!@!@
@!@!@STARTMSG 2221:0 @!@!@
  line 125, col 39 to line 125, col 46 of module LAM_ISA_Move: 1316
@!@!@ENDMSG 2221 @!@!@
@!@!@STARTMSG 2775:0 @!@!@
  line 124, col 41 to line 124, col 53 of module LAM_ISA_Move: 658:1974
@!@!@ENDMSG 2775 @!@!@
@!@!@STARTMSG 2221:0 @!@!@
  line 123, col 35 to line 123, col 43 of module LAM_ISA_Move: 46
@!@!@ENDMSG 2221 @!@!@
@!@!@STARTMSG 2221:0 @!@!@
  line 122, col 33 to line 122, col 41 of module LAM_ISA_Move: 12
@!@!@ENDMSG 2221 @!@!@
@!@!@STARTMSG 2221:0 @!@!@
  line 135, col 22 to line 135, col 33 of module LAM_ISA_Move: 1
@!@!@ENDMSG 2221 @!@!@
@!@!@STARTMSG 2221:0 @!@!@
  line 136, col 22 to line 136, col 77 of module LAM_ISA_Move: 1
@!@!@ENDMSG 2221 @!@!@
@!@!@STARTMSG 2221:0 @!@!@
  line 137, col 11 to line 137, col 59 of module LAM_ISA_Move: 5225
@!@!@ENDMSG 2221 @!@!@
@!@!@STARTMSG 2772:0 @!@!@
<Terminating line 140, col 1 to line 140, col 11 of module LAM_ISA_Move>: 0:1
@!@!@ENDMSG 2772 @!@!@
@!@!@STARTMSG 2221:0 @!@!@
  line 140, col 16 to line 140, col 26 of module LAM_ISA_Move: 13
@!@!@ENDMSG 2221 @!@!@
@!@!@STARTMSG 2221:0 @!@!@
  |line 140, col 16 to line 140, col 17 of module LAM_ISA_Move: 12
@!@!@ENDMSG 2221 @!@!@
@!@!@STARTMSG 2221:0 @!@!@
  line 140, col 31 to line 140, col 44 of module LAM_ISA_Move: 1
@!@!@ENDMSG 2221 @!@!@
@!@!@STARTMSG 2774:0 @!@!@
<TypeInvariant line 79, col 1 to line 79, col 13 of module LAM_ISA_Move>
@!@!@ENDMSG 2774 @!@!@
@!@!@STARTMSG 2221:0 @!@!@
  line 79, col 18 to line 80, col 40 of module LAM_ISA_Move: 34
@!@!@ENDMSG 2221 @!@!@
@!@!@STARTMSG 2221:0 @!@!@
  |line 79, col 21 to line 79, col 41 of module LAM_ISA_Move: 34
@!@!@ENDMSG 2221 @!@!@
@!@!@STARTMSG 2221:0 @!@!@
  |line 80, col 21 to line 80, col 40 of module LAM_ISA_Move: 34
@!@!@ENDMSG 2221 @!@!@
@!@!@STARTMSG 2221:0 @!@!@
  ||line 73, col 25 to line 77, col 65 of module LAM_ISA_Move: 34
@!@!@ENDMSG 2221 @!@!@
@!@!@STARTMSG 2221:0 @!@!@
  |||line 73, col 28 to line 73, col 45 of module LAM_ISA_Move: 34
@!@!@ENDMSG 2221 @!@!@
@!@!@STARTMSG 2221:0 @!@!@
  |||line 74, col 28 to line 77, col 65 of module LAM_ISA_Move: 33
@!@!@ENDMSG 2221 @!@!@
@!@!@STARTMSG 2221:0 @!@!@
  ||||line 74, col 31 to line 74, col 67 of module LAM_ISA_Move: 33
@!@!@ENDMSG 2221 @!@!@
@!@!@STARTMSG 2221:0 @!@!@
  ||||line 75, col 31 to line 75, col 67 of module LAM_ISA_Move: 33
@!@!@ENDMSG 2221 @!@!@
@!@!@STARTMSG 2221:0 @!@!@
  |||||line 75, col 31 to line 75, col 49 of module LAM_ISA_Move: 33
@!@!@ENDMSG 2221 @!@!@
@!@!@STARTMSG 2221:0 @!@!@
  |||||line 75, col 55 to line 75, col 67 of module LAM_ISA_Move: 22
@!@!@ENDMSG 2221 @!@!@
@!@!@STARTMSG 2221:0 @!@!@
  ||||line 76, col 31 to line 76, col 65 of module LAM_ISA_Move: 22
@!@!@ENDMSG 2221 @!@!@
@!@!@STARTMSG 2221:0 @!@!@
  ||||line 77, col 31 to line 77, col 65 of module LAM_ISA_Move: 22
@!@!@ENDMSG 2221 @!@!@
@!@!@STARTMSG 2202:0 @!@!@
End of statistics.
@!@!@ENDMSG 2202 @!@!@
@!@!@STARTMSG 2200:0 @!@!@
Progress(22) at 2020-12-19 14:05:47: 63 states generated (1,060 s/min), 34 distinct states found (572 ds/min), 1 states left on queue.
@!@!@ENDMSG 2200 @!@!@
@!@!@STARTMSG 2199:0 @!@!@
63 states generated, 34 distinct states found, 1 states left on queue.
@!@!@ENDMSG 2199 @!@!@
@!@!@STARTMSG 2194:0 @!@!@
The depth of the complete state graph search is 22.
@!@!@ENDMSG 2194 @!@!@
@!@!@STARTMSG 2186:0 @!@!@
Finished in 3571ms at (2020-12-19 14:05:47)
@!@!@ENDMSG 2186 @!@!@
