This is pdfTeX, Version 3.14159265-2.6-1.40.20 (TeX Live 2019/Debian) (preloaded format=pdflatex 2020.6.18)  19 DEC 2020 14:47
entering extended mode
 restricted \write18 enabled.
 %&-line parsing enabled.
**LAM_ISA_Move.tex
(./LAM_ISA_Move.tex
LaTeX2e <2020-02-02> patch level 2
L3 programming layer <2020-02-14>
(/usr/share/texlive/texmf-dist/tex/latex/base/article.cls
Document Class: article 2019/12/20 v1.4l Standard LaTeX document class
(/usr/share/texlive/texmf-dist/tex/latex/base/size10.clo
File: size10.clo 2019/12/20 v1.4l Standard LaTeX file (size option)
)
\c@part=\count167
\c@section=\count168
\c@subsection=\count169
\c@subsubsection=\count170
\c@paragraph=\count171
\c@subparagraph=\count172
\c@figure=\count173
\c@table=\count174
\abovecaptionskip=\skip47
\belowcaptionskip=\skip48
\bibindent=\dimen134
) (/usr/share/texlive/texmf-dist/tex/latex/graphics/color.sty
Package: color 2019/11/23 v1.2a Standard LaTeX Color (DPC)
(/usr/share/texlive/texmf-dist/tex/latex/graphics-cfg/color.cfg
File: color.cfg 2016/01/02 v1.6 sample color configuration
)
Package color Info: Driver file: pdftex.def on input line 147.
(/usr/share/texlive/texmf-dist/tex/latex/graphics-def/pdftex.def
File: pdftex.def 2018/01/08 v1.0l Graphics/color driver for pdftex
)) (/usr/share/texlive/texmf-dist/tex/latex/base/latexsym.sty
Package: latexsym 1998/08/17 v2.2e Standard LaTeX package (lasy symbols)
\symlasy=\mathgroup4
LaTeX Font Info:    Overwriting symbol font `lasy' in version `bold'
(Font)                  U/lasy/m/n --> U/lasy/b/n on input line 52.
) (/usr/share/texlive/texmf-dist/tex/latex/base/ifthen.sty
Package: ifthen 2014/09/29 v1.1c Standard LaTeX ifthen package (DPC)
)
\symlength=\skip49
\equalswidth=\skip50
\charwidth=\skip51
\boxrulewd=\skip52
\boxlineht=\skip53
\boxruleht=\skip54
\boxruledp=\skip55
\pcalvspace=\skip56
\lcomindent=\skip57
\@xlen=\skip58
\templena=\skip59
\templenb=\skip60
\tempboxa=\box45
\vshadelen=\skip61
\boxwidth=\skip62
\multicommentdepth=\skip63
\c@pardepth=\count175
\tempsbox=\box46
\@cparht=\skip64
\@cpardp=\skip65
\xmcomlen=\skip66
\spacewidth=\skip67
\alignboxwidth=\skip68
\alignwidth=\skip69
\alignbox=\box47
\symtlaitalics=\mathgroup5
\c@tlx@ctr=\count176
(/usr/share/texlive/texmf-dist/tex/latex/tools/verbatim.sty
Package: verbatim 2019/11/10 v1.5r LaTeX2e package for verbatim enhancements
\every@verbatim=\toks14
\verbatim@line=\toks15
\verbatim@in@stream=\read2
) (/usr/share/texlive/texmf-dist/tex/latex/l3backend/l3backend-pdfmode.def
File: l3backend-pdfmode.def 2020-02-03 L3 backend support: PDF mode
\l__kernel_color_stack_int=\count177
\l__pdf_internal_box=\box48
) (./LAM_ISA_Move.aux)
\openout1 = `LAM_ISA_Move.aux'.

LaTeX Font Info:    Checking defaults for OML/cmm/m/it on input line 939.
LaTeX Font Info:    ... okay on input line 939.
LaTeX Font Info:    Checking defaults for OMS/cmsy/m/n on input line 939.
LaTeX Font Info:    ... okay on input line 939.
LaTeX Font Info:    Checking defaults for OT1/cmr/m/n on input line 939.
LaTeX Font Info:    ... okay on input line 939.
LaTeX Font Info:    Checking defaults for T1/cmr/m/n on input line 939.
LaTeX Font Info:    ... okay on input line 939.
LaTeX Font Info:    Checking defaults for TS1/cmr/m/n on input line 939.
LaTeX Font Info:    ... okay on input line 939.
LaTeX Font Info:    Checking defaults for OMX/cmex/m/n on input line 939.
LaTeX Font Info:    ... okay on input line 939.
LaTeX Font Info:    Checking defaults for U/cmr/m/n on input line 939.
LaTeX Font Info:    ... okay on input line 939.
(/usr/share/texlive/texmf-dist/tex/context/base/mkii/supp-pdf.mkii
[Loading MPS to PDF converter (version 2006.09.02).]
\scratchcounter=\count178
\scratchdimen=\dimen135
\scratchbox=\box49
\nofMPsegments=\count179
\nofMParguments=\count180
\everyMPshowfont=\toks16
\MPscratchCnt=\count181
\MPscratchDim=\dimen136
\MPnumerator=\count182
\makeMPintoPDFobject=\count183
\everyMPtoPDFconversion=\toks17
)
LaTeX Font Info:    External font `cmex10' loaded for size
(Font)              <8> on input line 944.
LaTeX Font Info:    External font `cmex10' loaded for size
(Font)              <6> on input line 944.
LaTeX Font Info:    External font `cmex10' loaded for size
(Font)              <5> on input line 944.
LaTeX Font Info:    Trying to load font information for U+lasy on input line 94
4.
(/usr/share/texlive/texmf-dist/tex/latex/base/ulasy.fd
File: ulasy.fd 1998/08/17 v2.2e LaTeX symbol font definitions
)
LaTeX Font Info:    External font `cmex10' loaded for size
(Font)              <7> on input line 960.
[1

{/var/lib/texmf/fonts/map/pdftex/updmap/pdftex.map}] [2]
Overfull \hbox (103.83112pt too wide) in paragraph at lines 1167--1169
[][] 
 []


Overfull \hbox (148.18893pt too wide) in paragraph at lines 1175--1177
[][] 
 []


Overfull \hbox (58.36241pt too wide) in paragraph at lines 1180--1183
[][] 
 []


Overfull \hbox (284.70032pt too wide) in paragraph at lines 1183--1185
[][] 
 []


Overfull \hbox (13.56223pt too wide) in paragraph at lines 1185--1188
[][] 
 []


Overfull \hbox (102.0535pt too wide) in paragraph at lines 1188--1191
[][] 
 []


Overfull \hbox (323.93707pt too wide) in paragraph at lines 1191--1193
[][] 
 []


Overfull \hbox (73.2433pt too wide) in paragraph at lines 1193--1196
[][] 
 []


Overfull \hbox (162.06796pt too wide) in paragraph at lines 1196--1199
[][] 
 []


Overfull \hbox (388.73924pt too wide) in paragraph at lines 1199--1201
[][] 
 []


Overfull \hbox (122.71222pt too wide) in paragraph at lines 1201--1204
[][] 
 []


Overfull \hbox (216.64796pt too wide) in paragraph at lines 1204--1207
[][] 
 []


Overfull \hbox (438.20816pt too wide) in paragraph at lines 1207--1209
[][] 
 []


Overfull \hbox (81.08406pt too wide) in paragraph at lines 1209--1211
[][] 
 []


Overfull \hbox (177.29222pt too wide) in paragraph at lines 1211--1213
[][] 
 []


Overfull \hbox (127.8233pt too wide) in paragraph at lines 1213--1215
[][] 
 []

[3]
Overfull \hbox (100.47412pt too wide) in paragraph at lines 1250--1252
[][] 
 []


Overfull \hbox (95.36304pt too wide) in paragraph at lines 1257--1259
[][] 
 []


Overfull \hbox (167.07225pt too wide) in paragraph at lines 1264--1266
[][] 
 []


Overfull \hbox (161.96117pt too wide) in paragraph at lines 1271--1273
[][] 
 []


Overfull \hbox (172.18333pt too wide) in paragraph at lines 1278--1280
[][] 
 []


Overfull \hbox (167.07225pt too wide) in paragraph at lines 1285--1287
[][] 
 []


Overfull \hbox (3.14803pt too wide) in paragraph at lines 1289--1291
[][] 
 []


Overfull \hbox (62.11743pt too wide) in paragraph at lines 1294--1297
[][] 
 []


Overfull \hbox (17.85071pt too wide) in paragraph at lines 1297--1299
[][] 
 []

[4] [5] (./LAM_ISA_Move.aux) ) 
Here is how much of TeX's memory you used:
 1242 strings out of 481239
 16711 string characters out of 5920377
 264503 words of memory out of 5000000
 16545 multiletter control sequences out of 15000+600000
 537816 words of font info for 45 fonts, out of 8000000 for 9000
 1141 hyphenation exceptions out of 8191
 25i,10n,25p,191b,263s stack positions out of 5000i,500n,10000p,200000b,80000s
</usr/share/texlive/texmf-dist/fonts/type1/public
/amsfonts/cm/cmbx10.pfb></usr/share/texlive/texmf-dist/fonts/type1/public/amsfo
nts/cm/cmcsc10.pfb></usr/share/texlive/texmf-dist/fonts/type1/public/amsfonts/c
m/cmmi10.pfb></usr/share/texlive/texmf-dist/fonts/type1/public/amsfonts/cm/cmr1
0.pfb></usr/share/texlive/texmf-dist/fonts/type1/public/amsfonts/cm/cmr5.pfb></
usr/share/texlive/texmf-dist/fonts/type1/public/amsfonts/cm/cmr7.pfb></usr/shar
e/texlive/texmf-dist/fonts/type1/public/amsfonts/cm/cmr8.pfb></usr/share/texliv
e/texmf-dist/fonts/type1/public/amsfonts/cm/cmr9.pfb></usr/share/texlive/texmf-
dist/fonts/type1/public/amsfonts/cm/cmss10.pfb></usr/share/texlive/texmf-dist/f
onts/type1/public/amsfonts/cm/cmsy10.pfb></usr/share/texlive/texmf-dist/fonts/t
ype1/public/amsfonts/cm/cmsy7.pfb></usr/share/texlive/texmf-dist/fonts/type1/pu
blic/amsfonts/cm/cmsy8.pfb></usr/share/texlive/texmf-dist/fonts/type1/public/am
sfonts/cm/cmti10.pfb></usr/share/texlive/texmf-dist/fonts/type1/public/amsfonts
/cm/cmti7.pfb></usr/share/texlive/texmf-dist/fonts/type1/public/amsfonts/cm/cmt
i8.pfb></usr/share/texlive/texmf-dist/fonts/type1/public/amsfonts/latxfont/lasy
10.pfb>
Output written on LAM_ISA_Move.pdf (5 pages, 174237 bytes).
PDF statistics:
 84 PDF objects out of 1000 (max. 8388607)
 60 compressed objects within 1 object stream
 0 named destinations out of 1000 (max. 500000)
 1 words of extra memory for PDF output out of 10000 (max. 10000000)

