@!@!@STARTMSG 2262:0 @!@!@
TLC2 Version 2.15 of Day Month 20?? (rev: 8f0e040b)
@!@!@ENDMSG 2262 @!@!@
@!@!@STARTMSG 2187:0 @!@!@
Running breadth-first search Model-Checking with fp 66 and seed -5670428271218415701 with 45 workers on 64 cores with 15259MB heap and 34317MB offheap memory [pid: 1036513] (Linux 5.4.0-56-generic amd64, AdoptOpenJDK 14.0.1 x86_64, OffHeapDiskFPSet, DiskStateQueue).
@!@!@ENDMSG 2187 @!@!@
@!@!@STARTMSG 2220:0 @!@!@
Starting SANY...
@!@!@ENDMSG 2220 @!@!@
Parsing file /home/ostera/repos/github.com/AbstractMachinesLab/lam/spec/LAM_ISA_Move.toolbox/Basic/MC.tla
Parsing file /home/ostera/repos/github.com/AbstractMachinesLab/lam/spec/LAM_ISA_Move.toolbox/Basic/LAM_ISA_Move.tla
Parsing file /home/ostera/repos/github.com/tlaplus/tlaplus/toolbox/plugins/org.lamport.tlatools_1.0.0.202012190712/tla2sany/StandardModules/TLC.tla
Parsing file /home/ostera/repos/github.com/tlaplus/tlaplus/toolbox/plugins/org.lamport.tlatools_1.0.0.202012190712/tla2sany/StandardModules/Naturals.tla
Parsing file /home/ostera/repos/github.com/tlaplus/tlaplus/toolbox/plugins/org.lamport.tlatools_1.0.0.202012190712/tla2sany/StandardModules/Sequences.tla
Parsing file /home/ostera/repos/github.com/tlaplus/tlaplus/toolbox/plugins/org.lamport.tlatools_1.0.0.202012190712/tla2sany/StandardModules/FiniteSets.tla
Semantic processing of module Naturals
Semantic processing of module Sequences
Semantic processing of module LAM_ISA_Move
Semantic processing of module FiniteSets
Semantic processing of module TLC
Semantic processing of module MC
@!@!@STARTMSG 2219:0 @!@!@
SANY finished.
@!@!@ENDMSG 2219 @!@!@
@!@!@STARTMSG 2185:0 @!@!@
Starting... (2020-12-19 13:48:00)
@!@!@ENDMSG 2185 @!@!@
@!@!@STARTMSG 2189:0 @!@!@
Computing initial states...
@!@!@ENDMSG 2189 @!@!@
@!@!@STARTMSG 2190:0 @!@!@
Finished computing initial states: 1 distinct state generated at 2020-12-19 13:48:03.
@!@!@ENDMSG 2190 @!@!@
@!@!@STARTMSG 2114:1 @!@!@
Deadlock reached.
@!@!@ENDMSG 2114 @!@!@
@!@!@STARTMSG 2121:1 @!@!@
The behavior up to this point is:
@!@!@ENDMSG 2121 @!@!@
@!@!@STARTMSG 2217:4 @!@!@
1: <Initial predicate>
/\ src = <<"local", 0>>
/\ current_count = 10
/\ pc = "Run"
/\ local_registers = ( 0 :> Nil @@
  1 :> Nil @@
  2 :> Nil @@
  3 :> Nil @@
  4 :> Nil @@
  5 :> Nil @@
  6 :> Nil @@
  7 :> Nil @@
  8 :> Nil )
/\ dst = <<"local", 0>>
/\ move = defaultInitValue
/\ global_registers = ( 0 :> Nil @@
  1 :> Nil @@
  2 :> Nil @@
  3 :> Nil @@
  4 :> Nil @@
  5 :> Nil @@
  6 :> Nil @@
  7 :> Nil @@
  8 :> Nil )
/\ lit = a
/\ current_move = Nil
/\ stack = <<>>

@!@!@ENDMSG 2217 @!@!@
@!@!@STARTMSG 2217:4 @!@!@
2: <Run line 148, col 8 to line 155, col 45 of module LAM_ISA_Move>
/\ src = <<"local", 0>>
/\ current_count = 9
/\ pc = "Make"
/\ local_registers = ( 0 :> Nil @@
  1 :> Nil @@
  2 :> Nil @@
  3 :> Nil @@
  4 :> Nil @@
  5 :> Nil @@
  6 :> Nil @@
  7 :> Nil @@
  8 :> Nil )
/\ dst = <<"local", 0>>
/\ move = defaultInitValue
/\ global_registers = ( 0 :> Nil @@
  1 :> Nil @@
  2 :> Nil @@
  3 :> Nil @@
  4 :> Nil @@
  5 :> Nil @@
  6 :> Nil @@
  7 :> Nil @@
  8 :> Nil )
/\ lit = a
/\ current_move = Nil
/\ stack = <<>>

@!@!@ENDMSG 2217 @!@!@
@!@!@STARTMSG 2217:4 @!@!@
3: <Make line 157, col 9 to line 169, col 45 of module LAM_ISA_Move>
/\ src = <<"local", 0>>
/\ current_count = 9
/\ pc = "MakeMove"
/\ local_registers = ( 0 :> Nil @@
  1 :> Nil @@
  2 :> Nil @@
  3 :> Nil @@
  4 :> Nil @@
  5 :> Nil @@
  6 :> Nil @@
  7 :> Nil @@
  8 :> Nil )
/\ dst = <<"local", 0>>
/\ move = defaultInitValue
/\ global_registers = ( 0 :> Nil @@
  1 :> Nil @@
  2 :> Nil @@
  3 :> Nil @@
  4 :> Nil @@
  5 :> Nil @@
  6 :> Nil @@
  7 :> Nil @@
  8 :> Nil )
/\ lit = a
/\ current_move = Nil
/\ stack = << [ pc |-> "Perform",
     dst |-> <<"local", 0>>,
     src |-> <<"local", 0>>,
     lit |-> a,
     procedure |-> "make_move" ] >>

@!@!@ENDMSG 2217 @!@!@
@!@!@STARTMSG 2217:4 @!@!@
4: <MakeMove line 106, col 13 to line 110, col 71 of module LAM_ISA_Move>
/\ src = <<"local", 0>>
/\ current_count = 9
/\ pc = "CopyFromRegister"
/\ local_registers = ( 0 :> Nil @@
  1 :> Nil @@
  2 :> Nil @@
  3 :> Nil @@
  4 :> Nil @@
  5 :> Nil @@
  6 :> Nil @@
  7 :> Nil @@
  8 :> Nil )
/\ dst = <<"local", 0>>
/\ move = defaultInitValue
/\ global_registers = ( 0 :> Nil @@
  1 :> Nil @@
  2 :> Nil @@
  3 :> Nil @@
  4 :> Nil @@
  5 :> Nil @@
  6 :> Nil @@
  7 :> Nil @@
  8 :> Nil )
/\ lit = a
/\ current_move = Nil
/\ stack = << [ pc |-> "Perform",
     dst |-> <<"local", 0>>,
     src |-> <<"local", 0>>,
     lit |-> a,
     procedure |-> "make_move" ] >>

@!@!@ENDMSG 2217 @!@!@
@!@!@STARTMSG 2217:4 @!@!@
5: <CopyFromRegister line 118, col 21 to line 122, col 80 of module LAM_ISA_Move>
/\ src = <<"local", 0>>
/\ current_count = 9
/\ pc = "Error"
/\ local_registers = ( 0 :> Nil @@
  1 :> Nil @@
  2 :> Nil @@
  3 :> Nil @@
  4 :> Nil @@
  5 :> Nil @@
  6 :> Nil @@
  7 :> Nil @@
  8 :> Nil )
/\ dst = <<"local", 0>>
/\ move = defaultInitValue
/\ global_registers = ( 0 :> Nil @@
  1 :> Nil @@
  2 :> Nil @@
  3 :> Nil @@
  4 :> Nil @@
  5 :> Nil @@
  6 :> Nil @@
  7 :> Nil @@
  8 :> Nil )
/\ lit = a
/\ current_move = [dst |-> <<"local", 0>>, src |-> <<"local", 0>>]
/\ stack = << [ pc |-> "Perform",
     dst |-> <<"local", 0>>,
     src |-> <<"local", 0>>,
     lit |-> a,
     procedure |-> "make_move" ] >>

@!@!@ENDMSG 2217 @!@!@
@!@!@STARTMSG 2201:0 @!@!@
The coverage statistics at 2020-12-19 13:48:03
@!@!@ENDMSG 2201 @!@!@
@!@!@STARTMSG 2773:0 @!@!@
<Init line 92, col 1 to line 92, col 4 of module LAM_ISA_Move>: 2:2
@!@!@ENDMSG 2773 @!@!@
@!@!@STARTMSG 2221:0 @!@!@
  line 93, col 9 to line 104, col 21 of module LAM_ISA_Move: 2
@!@!@ENDMSG 2221 @!@!@
@!@!@STARTMSG 2772:0 @!@!@
<MakeMove line 106, col 1 to line 106, col 8 of module LAM_ISA_Move>: 2:4
@!@!@ENDMSG 2772 @!@!@
@!@!@STARTMSG 2221:0 @!@!@
  line 106, col 16 to line 106, col 30 of module LAM_ISA_Move: 12
@!@!@ENDMSG 2221 @!@!@
@!@!@STARTMSG 2221:0 @!@!@
  |line 106, col 16 to line 106, col 17 of module LAM_ISA_Move: 10
@!@!@ENDMSG 2221 @!@!@
@!@!@STARTMSG 2221:0 @!@!@
  line 107, col 16 to line 108, col 45 of module LAM_ISA_Move: 2
@!@!@ENDMSG 2221 @!@!@
@!@!@STARTMSG 2221:0 @!@!@
  line 109, col 16 to line 110, col 71 of module LAM_ISA_Move: 4
@!@!@ENDMSG 2221 @!@!@
@!@!@STARTMSG 2772:0 @!@!@
<PutLiteral line 112, col 1 to line 112, col 10 of module LAM_ISA_Move>: 1:1
@!@!@ENDMSG 2772 @!@!@
@!@!@STARTMSG 2221:0 @!@!@
  line 112, col 18 to line 112, col 34 of module LAM_ISA_Move: 9
@!@!@ENDMSG 2221 @!@!@
@!@!@STARTMSG 2221:0 @!@!@
  line 113, col 18 to line 113, col 62 of module LAM_ISA_Move: 0
@!@!@ENDMSG 2221 @!@!@
@!@!@STARTMSG 2221:0 @!@!@
  |line 113, col 34 to line 113, col 62 of module LAM_ISA_Move: 1
@!@!@ENDMSG 2221 @!@!@
@!@!@STARTMSG 2221:0 @!@!@
  line 114, col 18 to line 114, col 30 of module LAM_ISA_Move: 0
@!@!@ENDMSG 2221 @!@!@
@!@!@STARTMSG 2221:0 @!@!@
  line 115, col 18 to line 116, col 59 of module LAM_ISA_Move: 0
@!@!@ENDMSG 2221 @!@!@
@!@!@STARTMSG 2772:0 @!@!@
<CopyFromRegister line 118, col 1 to line 118, col 16 of module LAM_ISA_Move>: 1:2
@!@!@ENDMSG 2772 @!@!@
@!@!@STARTMSG 2221:0 @!@!@
  line 118, col 24 to line 118, col 46 of module LAM_ISA_Move: 10
@!@!@ENDMSG 2221 @!@!@
@!@!@STARTMSG 2221:0 @!@!@
  |line 118, col 24 to line 118, col 25 of module LAM_ISA_Move: 8
@!@!@ENDMSG 2221 @!@!@
@!@!@STARTMSG 2221:0 @!@!@
  line 119, col 24 to line 119, col 68 of module LAM_ISA_Move: 2
@!@!@ENDMSG 2221 @!@!@
@!@!@STARTMSG 2221:0 @!@!@
  line 120, col 24 to line 120, col 36 of module LAM_ISA_Move: 2
@!@!@ENDMSG 2221 @!@!@
@!@!@STARTMSG 2221:0 @!@!@
  line 121, col 24 to line 122, col 80 of module LAM_ISA_Move: 2
@!@!@ENDMSG 2221 @!@!@
@!@!@STARTMSG 2772:0 @!@!@
<PerformMove line 126, col 1 to line 126, col 11 of module LAM_ISA_Move>: 0:0
@!@!@ENDMSG 2772 @!@!@
@!@!@STARTMSG 2221:0 @!@!@
  line 126, col 19 to line 126, col 36 of module LAM_ISA_Move: 7
@!@!@ENDMSG 2221 @!@!@
@!@!@STARTMSG 2221:0 @!@!@
  line 128, col 30 to line 128, col 121 of module LAM_ISA_Move: 0
@!@!@ENDMSG 2221 @!@!@
@!@!@STARTMSG 2221:0 @!@!@
  line 129, col 30 to line 129, col 54 of module LAM_ISA_Move: 0
@!@!@ENDMSG 2221 @!@!@
@!@!@STARTMSG 2221:0 @!@!@
  line 131, col 41 to line 131, col 129 of module LAM_ISA_Move: 0
@!@!@ENDMSG 2221 @!@!@
@!@!@STARTMSG 2221:0 @!@!@
  line 132, col 41 to line 132, col 66 of module LAM_ISA_Move: 0
@!@!@ENDMSG 2221 @!@!@
@!@!@STARTMSG 2221:0 @!@!@
  line 134, col 52 to line 134, col 142 of module LAM_ISA_Move: 0
@!@!@ENDMSG 2221 @!@!@
@!@!@STARTMSG 2221:0 @!@!@
  line 135, col 52 to line 135, col 76 of module LAM_ISA_Move: 0
@!@!@ENDMSG 2221 @!@!@
@!@!@STARTMSG 2221:0 @!@!@
  line 137, col 63 to line 137, col 152 of module LAM_ISA_Move: 0
@!@!@ENDMSG 2221 @!@!@
@!@!@STARTMSG 2221:0 @!@!@
  line 139, col 63 to line 139, col 87 of module LAM_ISA_Move: 0
@!@!@ENDMSG 2221 @!@!@
@!@!@STARTMSG 2221:0 @!@!@
  line 140, col 52 to line 140, col 77 of module LAM_ISA_Move: 0
@!@!@ENDMSG 2221 @!@!@
@!@!@STARTMSG 2221:0 @!@!@
  line 141, col 19 to line 141, col 38 of module LAM_ISA_Move: 0
@!@!@ENDMSG 2221 @!@!@
@!@!@STARTMSG 2221:0 @!@!@
  line 142, col 19 to line 142, col 42 of module LAM_ISA_Move: 0
@!@!@ENDMSG 2221 @!@!@
@!@!@STARTMSG 2221:0 @!@!@
  line 143, col 19 to line 143, col 38 of module LAM_ISA_Move: 0
@!@!@ENDMSG 2221 @!@!@
@!@!@STARTMSG 2221:0 @!@!@
  line 144, col 19 to line 144, col 76 of module LAM_ISA_Move: 0
@!@!@ENDMSG 2221 @!@!@
@!@!@STARTMSG 2772:0 @!@!@
<Run line 148, col 1 to line 148, col 3 of module LAM_ISA_Move>: 1:2
@!@!@ENDMSG 2772 @!@!@
@!@!@STARTMSG 2221:0 @!@!@
  line 148, col 11 to line 148, col 20 of module LAM_ISA_Move: 9
@!@!@ENDMSG 2221 @!@!@
@!@!@STARTMSG 2221:0 @!@!@
  |line 148, col 11 to line 148, col 12 of module LAM_ISA_Move: 7
@!@!@ENDMSG 2221 @!@!@
@!@!@STARTMSG 2221:0 @!@!@
  line 149, col 14 to line 149, col 30 of module LAM_ISA_Move: 2
@!@!@ENDMSG 2221 @!@!@
@!@!@STARTMSG 2221:0 @!@!@
  line 150, col 19 to line 151, col 33 of module LAM_ISA_Move: 2
@!@!@ENDMSG 2221 @!@!@
@!@!@STARTMSG 2221:0 @!@!@
  line 152, col 22 to line 152, col 33 of module LAM_ISA_Move: 0
@!@!@ENDMSG 2221 @!@!@
@!@!@STARTMSG 2221:0 @!@!@
  line 153, col 22 to line 153, col 44 of module LAM_ISA_Move: 0
@!@!@ENDMSG 2221 @!@!@
@!@!@STARTMSG 2221:0 @!@!@
  line 154, col 11 to line 155, col 45 of module LAM_ISA_Move: 2
@!@!@ENDMSG 2221 @!@!@
@!@!@STARTMSG 2772:0 @!@!@
<Make line 157, col 1 to line 157, col 4 of module LAM_ISA_Move>: 1:2
@!@!@ENDMSG 2772 @!@!@
@!@!@STARTMSG 2221:0 @!@!@
  line 157, col 12 to line 157, col 22 of module LAM_ISA_Move: 8
@!@!@ENDMSG 2221 @!@!@
@!@!@STARTMSG 2221:0 @!@!@
  |line 157, col 12 to line 157, col 13 of module LAM_ISA_Move: 6
@!@!@ENDMSG 2221 @!@!@
@!@!@STARTMSG 2221:0 @!@!@
  line 158, col 12 to line 163, col 29 of module LAM_ISA_Move: 2
@!@!@ENDMSG 2221 @!@!@
@!@!@STARTMSG 2221:0 @!@!@
  line 164, col 12 to line 164, col 90 of module LAM_ISA_Move: 2
@!@!@ENDMSG 2221 @!@!@
@!@!@STARTMSG 2221:0 @!@!@
  line 165, col 12 to line 165, col 48 of module LAM_ISA_Move: 2
@!@!@ENDMSG 2221 @!@!@
@!@!@STARTMSG 2221:0 @!@!@
  line 166, col 12 to line 166, col 90 of module LAM_ISA_Move: 2
@!@!@ENDMSG 2221 @!@!@
@!@!@STARTMSG 2221:0 @!@!@
  line 167, col 12 to line 167, col 27 of module LAM_ISA_Move: 2
@!@!@ENDMSG 2221 @!@!@
@!@!@STARTMSG 2221:0 @!@!@
  line 168, col 12 to line 169, col 45 of module LAM_ISA_Move: 2
@!@!@ENDMSG 2221 @!@!@
@!@!@STARTMSG 2772:0 @!@!@
<Perform line 171, col 1 to line 171, col 7 of module LAM_ISA_Move>: 0:0
@!@!@ENDMSG 2772 @!@!@
@!@!@STARTMSG 2221:0 @!@!@
  line 171, col 15 to line 171, col 28 of module LAM_ISA_Move: 5
@!@!@ENDMSG 2221 @!@!@
@!@!@STARTMSG 2221:0 @!@!@
  line 172, col 18 to line 172, col 37 of module LAM_ISA_Move: 0
@!@!@ENDMSG 2221 @!@!@
@!@!@STARTMSG 2221:0 @!@!@
  line 173, col 18 to line 176, col 35 of module LAM_ISA_Move: 0
@!@!@ENDMSG 2221 @!@!@
@!@!@STARTMSG 2221:0 @!@!@
  line 177, col 15 to line 177, col 33 of module LAM_ISA_Move: 0
@!@!@ENDMSG 2221 @!@!@
@!@!@STARTMSG 2221:0 @!@!@
  line 178, col 15 to line 179, col 57 of module LAM_ISA_Move: 0
@!@!@ENDMSG 2221 @!@!@
@!@!@STARTMSG 2772:0 @!@!@
<Terminating line 182, col 1 to line 182, col 11 of module LAM_ISA_Move>: 0:0
@!@!@ENDMSG 2772 @!@!@
@!@!@STARTMSG 2221:0 @!@!@
  line 182, col 16 to line 182, col 26 of module LAM_ISA_Move: 5
@!@!@ENDMSG 2221 @!@!@
@!@!@STARTMSG 2221:0 @!@!@
  line 182, col 31 to line 182, col 44 of module LAM_ISA_Move: 0
@!@!@ENDMSG 2221 @!@!@
@!@!@STARTMSG 2774:0 @!@!@
<TypeInvariant line 84, col 1 to line 84, col 13 of module LAM_ISA_Move>
@!@!@ENDMSG 2774 @!@!@
@!@!@STARTMSG 2221:0 @!@!@
  line 84, col 18 to line 85, col 40 of module LAM_ISA_Move: 7
@!@!@ENDMSG 2221 @!@!@
@!@!@STARTMSG 2221:0 @!@!@
  |line 84, col 21 to line 84, col 41 of module LAM_ISA_Move: 7
@!@!@ENDMSG 2221 @!@!@
@!@!@STARTMSG 2221:0 @!@!@
  |line 85, col 21 to line 85, col 40 of module LAM_ISA_Move: 7
@!@!@ENDMSG 2221 @!@!@
@!@!@STARTMSG 2221:0 @!@!@
  ||line 78, col 25 to line 82, col 65 of module LAM_ISA_Move: 7
@!@!@ENDMSG 2221 @!@!@
@!@!@STARTMSG 2221:0 @!@!@
  |||line 78, col 28 to line 78, col 45 of module LAM_ISA_Move: 7
@!@!@ENDMSG 2221 @!@!@
@!@!@STARTMSG 2221:0 @!@!@
  |||line 79, col 28 to line 82, col 65 of module LAM_ISA_Move: 2
@!@!@ENDMSG 2221 @!@!@
@!@!@STARTMSG 2221:0 @!@!@
  ||||line 79, col 31 to line 79, col 67 of module LAM_ISA_Move: 2
@!@!@ENDMSG 2221 @!@!@
@!@!@STARTMSG 2221:0 @!@!@
  ||||line 80, col 31 to line 80, col 67 of module LAM_ISA_Move: 2
@!@!@ENDMSG 2221 @!@!@
@!@!@STARTMSG 2221:0 @!@!@
  |||||line 80, col 31 to line 80, col 49 of module LAM_ISA_Move: 2
@!@!@ENDMSG 2221 @!@!@
@!@!@STARTMSG 2221:0 @!@!@
  |||||line 80, col 55 to line 80, col 67 of module LAM_ISA_Move: 1
@!@!@ENDMSG 2221 @!@!@
@!@!@STARTMSG 2221:0 @!@!@
  ||||line 81, col 31 to line 81, col 65 of module LAM_ISA_Move: 1
@!@!@ENDMSG 2221 @!@!@
@!@!@STARTMSG 2221:0 @!@!@
  ||||line 82, col 31 to line 82, col 65 of module LAM_ISA_Move: 1
@!@!@ENDMSG 2221 @!@!@
@!@!@STARTMSG 2202:0 @!@!@
End of statistics.
@!@!@ENDMSG 2202 @!@!@
@!@!@STARTMSG 2200:0 @!@!@
Progress(5) at 2020-12-19 13:48:03: 7 states generated (138 s/min), 7 distinct states found (138 ds/min), 0 states left on queue.
@!@!@ENDMSG 2200 @!@!@
@!@!@STARTMSG 2199:0 @!@!@
7 states generated, 7 distinct states found, 0 states left on queue.
@!@!@ENDMSG 2199 @!@!@
@!@!@STARTMSG 2194:0 @!@!@
The depth of the complete state graph search is 5.
@!@!@ENDMSG 2194 @!@!@
@!@!@STARTMSG 2186:0 @!@!@
Finished in 3034ms at (2020-12-19 13:48:03)
@!@!@ENDMSG 2186 @!@!@
