@!@!@STARTMSG 2262:0 @!@!@
TLC2 Version 2.15 of Day Month 20?? (rev: 8f0e040b)
@!@!@ENDMSG 2262 @!@!@
@!@!@STARTMSG 2187:0 @!@!@
Running breadth-first search Model-Checking with fp 3 and seed 9107764749586175637 with 45 workers on 64 cores with 15259MB heap and 34317MB offheap memory [pid: 1166851] (Linux 5.4.0-56-generic amd64, AdoptOpenJDK 14.0.1 x86_64, OffHeapDiskFPSet, DiskStateQueue).
@!@!@ENDMSG 2187 @!@!@
@!@!@STARTMSG 2220:0 @!@!@
Starting SANY...
@!@!@ENDMSG 2220 @!@!@
Parsing file /home/ostera/repos/github.com/AbstractMachinesLab/lam/spec/LAM_ISA_Move.toolbox/Basic/MC.tla
Parsing file /home/ostera/repos/github.com/AbstractMachinesLab/lam/spec/LAM_ISA_Move.toolbox/Basic/LAM_ISA_Move.tla
Parsing file /home/ostera/repos/github.com/tlaplus/tlaplus/toolbox/plugins/org.lamport.tlatools_1.0.0.202012190712/tla2sany/StandardModules/TLC.tla
Parsing file /home/ostera/repos/github.com/tlaplus/tlaplus/toolbox/plugins/org.lamport.tlatools_1.0.0.202012190712/tla2sany/StandardModules/Naturals.tla
Parsing file /home/ostera/repos/github.com/tlaplus/tlaplus/toolbox/plugins/org.lamport.tlatools_1.0.0.202012190712/tla2sany/StandardModules/Sequences.tla
Parsing file /home/ostera/repos/github.com/tlaplus/tlaplus/toolbox/plugins/org.lamport.tlatools_1.0.0.202012190712/tla2sany/StandardModules/FiniteSets.tla
Semantic processing of module Naturals
Semantic processing of module Sequences
Semantic processing of module FiniteSets
Semantic processing of module TLC
Semantic processing of module LAM_ISA_Move
Semantic processing of module MC
@!@!@STARTMSG 2219:0 @!@!@
SANY finished.
@!@!@ENDMSG 2219 @!@!@
@!@!@STARTMSG 2185:0 @!@!@
Starting... (2020-12-19 14:26:54)
@!@!@ENDMSG 2185 @!@!@
@!@!@STARTMSG 2189:0 @!@!@
Computing initial states...
@!@!@ENDMSG 2189 @!@!@
@!@!@STARTMSG 2190:0 @!@!@
Finished computing initial states: 1 distinct state generated at 2020-12-19 14:26:57.
@!@!@ENDMSG 2190 @!@!@
@!@!@STARTMSG 1000:1 @!@!@
TLC threw an unexpected exception.
This was probably caused by an error in the spec or model.
See the User Output or TLC Console for clues to what happened.
The exception was a java.lang.RuntimeException
: Attempted to select field "dst" from a non-record value defaultInitValue
line 176, col 62 to line 176, col 69 of module LAM_ISA_Move
@!@!@ENDMSG 1000 @!@!@
@!@!@STARTMSG 2121:1 @!@!@
The behavior up to this point is:
@!@!@ENDMSG 2121 @!@!@
@!@!@STARTMSG 2217:4 @!@!@
1: <Initial predicate>
/\ current_move = Nil
/\ stack = <<>>
/\ move = defaultInitValue
/\ global_registers = ( 0 :> Nil @@
  1 :> Nil @@
  2 :> Nil @@
  3 :> Nil @@
  4 :> Nil @@
  5 :> Nil @@
  6 :> Nil @@
  7 :> Nil @@
  8 :> Nil )
/\ pc = "Run"
/\ local_registers = ( 0 :> Nil @@
  1 :> Nil @@
  2 :> Nil @@
  3 :> Nil @@
  4 :> Nil @@
  5 :> Nil @@
  6 :> Nil @@
  7 :> Nil @@
  8 :> Nil )
/\ current_count = 10

@!@!@ENDMSG 2217 @!@!@
@!@!@STARTMSG 2217:4 @!@!@
2: <Run line 156, col 8 to line 196, col 59 of module LAM_ISA_Move>
/\ current_move = [dst |-> <<"local", 0>>, src |-> <<"local", 0>>]
/\ stack = <<[pc |-> "Run", move |-> defaultInitValue, procedure |-> "perform_move"]>>
/\ move = [dst |-> <<"local", 0>>, src |-> <<"local", 0>>]
/\ global_registers = ( 0 :> Nil @@
  1 :> Nil @@
  2 :> Nil @@
  3 :> Nil @@
  4 :> Nil @@
  5 :> Nil @@
  6 :> Nil @@
  7 :> Nil @@
  8 :> Nil )
/\ pc = "PerformMove"
/\ local_registers = ( 0 :> Nil @@
  1 :> Nil @@
  2 :> Nil @@
  3 :> Nil @@
  4 :> Nil @@
  5 :> Nil @@
  6 :> Nil @@
  7 :> Nil @@
  8 :> Nil )
/\ current_count = 9

@!@!@ENDMSG 2217 @!@!@
@!@!@STARTMSG 2217:4 @!@!@
3: <PerformMove line 128, col 16 to line 152, col 61 of module LAM_ISA_Move>
/\ current_move = [dst |-> <<"local", 0>>, src |-> <<"local", 0>>]
/\ stack = <<>>
/\ move = defaultInitValue
/\ global_registers = ( 0 :> Nil @@
  1 :> Nil @@
  2 :> Nil @@
  3 :> Nil @@
  4 :> Nil @@
  5 :> Nil @@
  6 :> Nil @@
  7 :> Nil @@
  8 :> Nil )
/\ pc = "Run"
/\ local_registers = ( 0 :> Nil @@
  1 :> Nil @@
  2 :> Nil @@
  3 :> Nil @@
  4 :> Nil @@
  5 :> Nil @@
  6 :> Nil @@
  7 :> Nil @@
  8 :> Nil )
/\ current_count = 9

@!@!@ENDMSG 2217 @!@!@
@!@!@STARTMSG 2103:1 @!@!@
The error occurred when TLC was evaluating the nested
expressions at the following positions:
0. Line 156, column 8 to line 196, column 59 in LAM_ISA_Move
1. Line 156, column 11 to line 156, column 20 in LAM_ISA_Move
2. Line 157, column 11 to line 195, column 77 in LAM_ISA_Move
3. Line 158, column 19 to line 193, column 51 in LAM_ISA_Move
4. Line 158, column 22 to line 158, column 55 in LAM_ISA_Move
5. Line 159, column 22 to line 193, column 51 in LAM_ISA_Move
6. Line 160, column 24 to line 193, column 51 in LAM_ISA_Move
7. Line 161, column 26 to line 193, column 51 in LAM_ISA_Move
8. Line 162, column 28 to line 193, column 51 in LAM_ISA_Move
9. Line 163, column 30 to line 193, column 51 in LAM_ISA_Move
10. Line 163, column 33 to line 184, column 84 in LAM_ISA_Move
11. Line 163, column 40 to line 183, column 50 in LAM_ISA_Move
12. Line 164, column 40 to line 182, column 113 in LAM_ISA_Move
13. Line 174, column 43 to line 176, column 112 in LAM_ISA_Move
14. Line 176, column 46 to line 176, column 112 in LAM_ISA_Move
15. Line 176, column 46 to line 176, column 73 in LAM_ISA_Move
16. Line 176, column 62 to line 176, column 72 in LAM_ISA_Move
17. Line 176, column 62 to line 176, column 69 in LAM_ISA_Move


@!@!@ENDMSG 2103 @!@!@
@!@!@STARTMSG 2201:0 @!@!@
The coverage statistics at 2020-12-19 14:26:57
@!@!@ENDMSG 2201 @!@!@
@!@!@STARTMSG 2773:0 @!@!@
<Init line 118, col 1 to line 118, col 4 of module LAM_ISA_Move>: 2:2
@!@!@ENDMSG 2773 @!@!@
@!@!@STARTMSG 2221:0 @!@!@
  line 119, col 9 to line 126, col 21 of module LAM_ISA_Move: 2
@!@!@ENDMSG 2221 @!@!@
@!@!@STARTMSG 2772:0 @!@!@
<PerformMove line 128, col 1 to line 128, col 11 of module LAM_ISA_Move>: 44:45
@!@!@ENDMSG 2772 @!@!@
@!@!@STARTMSG 2221:0 @!@!@
  line 128, col 19 to line 128, col 36 of module LAM_ISA_Move: 137
@!@!@ENDMSG 2221 @!@!@
@!@!@STARTMSG 2221:0 @!@!@
  |line 128, col 19 to line 128, col 20 of module LAM_ISA_Move: 92
@!@!@ENDMSG 2221 @!@!@
@!@!@STARTMSG 2221:0 @!@!@
  line 129, col 22 to line 129, col 70 of module LAM_ISA_Move: 45
@!@!@ENDMSG 2221 @!@!@
@!@!@STARTMSG 2221:0 @!@!@
  |line 129, col 22 to line 129, col 43 of module LAM_ISA_Move: 45
@!@!@ENDMSG 2221 @!@!@
@!@!@STARTMSG 2221:0 @!@!@
  |line 129, col 48 to line 129, col 70 of module LAM_ISA_Move: 18
@!@!@ENDMSG 2221 @!@!@
@!@!@STARTMSG 2221:0 @!@!@
  line 130, col 30 to line 130, col 103 of module LAM_ISA_Move: 9
@!@!@ENDMSG 2221 @!@!@
@!@!@STARTMSG 2221:0 @!@!@
  line 131, col 30 to line 131, col 54 of module LAM_ISA_Move: 9
@!@!@ENDMSG 2221 @!@!@
@!@!@STARTMSG 2221:0 @!@!@
  line 132, col 33 to line 132, col 80 of module LAM_ISA_Move: 36
@!@!@ENDMSG 2221 @!@!@
@!@!@STARTMSG 2221:0 @!@!@
  |line 132, col 33 to line 132, col 53 of module LAM_ISA_Move: 36
@!@!@ENDMSG 2221 @!@!@
@!@!@STARTMSG 2221:0 @!@!@
  |line 132, col 58 to line 132, col 80 of module LAM_ISA_Move: 27
@!@!@ENDMSG 2221 @!@!@
@!@!@STARTMSG 2221:0 @!@!@
  line 133, col 41 to line 133, col 112 of module LAM_ISA_Move: 9
@!@!@ENDMSG 2221 @!@!@
@!@!@STARTMSG 2221:0 @!@!@
  line 134, col 41 to line 134, col 66 of module LAM_ISA_Move: 9
@!@!@ENDMSG 2221 @!@!@
@!@!@STARTMSG 2221:0 @!@!@
  line 135, col 44 to line 135, col 91 of module LAM_ISA_Move: 27
@!@!@ENDMSG 2221 @!@!@
@!@!@STARTMSG 2221:0 @!@!@
  |line 135, col 44 to line 135, col 65 of module LAM_ISA_Move: 27
@!@!@ENDMSG 2221 @!@!@
@!@!@STARTMSG 2221:0 @!@!@
  |line 135, col 70 to line 135, col 91 of module LAM_ISA_Move: 9
@!@!@ENDMSG 2221 @!@!@
@!@!@STARTMSG 2221:0 @!@!@
  line 136, col 52 to line 136, col 143 of module LAM_ISA_Move: 0
@!@!@ENDMSG 2221 @!@!@
@!@!@STARTMSG 2221:0 @!@!@
  line 137, col 52 to line 137, col 76 of module LAM_ISA_Move: 0
@!@!@ENDMSG 2221 @!@!@
@!@!@STARTMSG 2221:0 @!@!@
  line 138, col 55 to line 138, col 100 of module LAM_ISA_Move: 27
@!@!@ENDMSG 2221 @!@!@
@!@!@STARTMSG 2221:0 @!@!@
  |line 138, col 55 to line 138, col 75 of module LAM_ISA_Move: 27
@!@!@ENDMSG 2221 @!@!@
@!@!@STARTMSG 2221:0 @!@!@
  |line 138, col 80 to line 138, col 100 of module LAM_ISA_Move: 18
@!@!@ENDMSG 2221 @!@!@
@!@!@STARTMSG 2221:0 @!@!@
  line 139, col 63 to line 139, col 151 of module LAM_ISA_Move: 18
@!@!@ENDMSG 2221 @!@!@
@!@!@STARTMSG 2221:0 @!@!@
  line 140, col 63 to line 140, col 88 of module LAM_ISA_Move: 18
@!@!@ENDMSG 2221 @!@!@
@!@!@STARTMSG 2221:0 @!@!@
  line 141, col 66 to line 141, col 112 of module LAM_ISA_Move: 9
@!@!@ENDMSG 2221 @!@!@
@!@!@STARTMSG 2221:0 @!@!@
  line 142, col 74 to line 142, col 164 of module LAM_ISA_Move: 9
@!@!@ENDMSG 2221 @!@!@
@!@!@STARTMSG 2221:0 @!@!@
  line 143, col 74 to line 143, col 98 of module LAM_ISA_Move: 9
@!@!@ENDMSG 2221 @!@!@
@!@!@STARTMSG 2221:0 @!@!@
  line 145, col 85 to line 145, col 174 of module LAM_ISA_Move: 0
@!@!@ENDMSG 2221 @!@!@
@!@!@STARTMSG 2221:0 @!@!@
  line 147, col 85 to line 147, col 109 of module LAM_ISA_Move: 0
@!@!@ENDMSG 2221 @!@!@
@!@!@STARTMSG 2221:0 @!@!@
  line 148, col 74 to line 148, col 99 of module LAM_ISA_Move: 0
@!@!@ENDMSG 2221 @!@!@
@!@!@STARTMSG 2221:0 @!@!@
  line 149, col 19 to line 149, col 38 of module LAM_ISA_Move: 45
@!@!@ENDMSG 2221 @!@!@
@!@!@STARTMSG 2221:0 @!@!@
  line 150, col 19 to line 150, col 42 of module LAM_ISA_Move: 45
@!@!@ENDMSG 2221 @!@!@
@!@!@STARTMSG 2221:0 @!@!@
  line 151, col 19 to line 151, col 38 of module LAM_ISA_Move: 45
@!@!@ENDMSG 2221 @!@!@
@!@!@STARTMSG 2221:0 @!@!@
  line 152, col 19 to line 152, col 61 of module LAM_ISA_Move: 45
@!@!@ENDMSG 2221 @!@!@
@!@!@STARTMSG 2772:0 @!@!@
<Run line 156, col 1 to line 156, col 3 of module LAM_ISA_Move>: 342:5184
@!@!@ENDMSG 2772 @!@!@
@!@!@STARTMSG 2221:0 @!@!@
  line 156, col 11 to line 156, col 20 of module LAM_ISA_Move: 93
@!@!@ENDMSG 2221 @!@!@
@!@!@STARTMSG 2221:0 @!@!@
  |line 156, col 11 to line 156, col 12 of module LAM_ISA_Move: 91
@!@!@ENDMSG 2221 @!@!@
@!@!@STARTMSG 2221:0 @!@!@
  line 157, col 14 to line 157, col 30 of module LAM_ISA_Move: 47
@!@!@ENDMSG 2221 @!@!@
@!@!@STARTMSG 2221:0 @!@!@
  line 158, col 22 to line 158, col 55 of module LAM_ISA_Move: 2
@!@!@ENDMSG 2221 @!@!@
@!@!@STARTMSG 2221:0 @!@!@
  |line 158, col 39 to line 158, col 55 of module LAM_ISA_Move: 47
@!@!@ENDMSG 2221 @!@!@
@!@!@STARTMSG 2221:0 @!@!@
  line 163, col 33 to line 184, col 84 of module LAM_ISA_Move: 5184
@!@!@ENDMSG 2221 @!@!@
@!@!@STARTMSG 2221:0 @!@!@
  |line 163, col 40 to line 183, col 50 of module LAM_ISA_Move: 5229
@!@!@ENDMSG 2221 @!@!@
@!@!@STARTMSG 2221:0 @!@!@
  ||line 164, col 40 to line 182, col 113 of module LAM_ISA_Move: 5229
@!@!@ENDMSG 2221 @!@!@
@!@!@STARTMSG 2221:0 @!@!@
  |||line 164, col 43 to line 164, col 60 of module LAM_ISA_Move: 5229
@!@!@ENDMSG 2221 @!@!@
@!@!@STARTMSG 2221:0 @!@!@
  |||line 165, col 43 to line 167, col 96 of module LAM_ISA_Move: 45
@!@!@ENDMSG 2221 @!@!@
@!@!@STARTMSG 2221:0 @!@!@
  ||||line 165, col 46 to line 165, col 75 of module LAM_ISA_Move: 45
@!@!@ENDMSG 2221 @!@!@
@!@!@STARTMSG 2221:0 @!@!@
  ||||line 166, col 46 to line 166, col 76 of module LAM_ISA_Move: 18
@!@!@ENDMSG 2221 @!@!@
@!@!@STARTMSG 2221:0 @!@!@
  ||||line 167, col 46 to line 167, col 96 of module LAM_ISA_Move: 9
@!@!@ENDMSG 2221 @!@!@
@!@!@STARTMSG 2221:0 @!@!@
  |||line 168, col 43 to line 170, col 95 of module LAM_ISA_Move: 36
@!@!@ENDMSG 2221 @!@!@
@!@!@STARTMSG 2221:0 @!@!@
  ||||line 168, col 46 to line 168, col 74 of module LAM_ISA_Move: 36
@!@!@ENDMSG 2221 @!@!@
@!@!@STARTMSG 2221:0 @!@!@
  ||||line 169, col 46 to line 169, col 76 of module LAM_ISA_Move: 27
@!@!@ENDMSG 2221 @!@!@
@!@!@STARTMSG 2221:0 @!@!@
  ||||line 170, col 46 to line 170, col 95 of module LAM_ISA_Move: 9
@!@!@ENDMSG 2221 @!@!@
@!@!@STARTMSG 2221:0 @!@!@
  |||line 171, col 43 to line 173, col 113 of module LAM_ISA_Move: 27
@!@!@ENDMSG 2221 @!@!@
@!@!@STARTMSG 2221:0 @!@!@
  ||||line 171, col 46 to line 171, col 75 of module LAM_ISA_Move: 27
@!@!@ENDMSG 2221 @!@!@
@!@!@STARTMSG 2221:0 @!@!@
  ||||line 172, col 46 to line 172, col 74 of module LAM_ISA_Move: 9
@!@!@ENDMSG 2221 @!@!@
@!@!@STARTMSG 2221:0 @!@!@
  ||||line 173, col 46 to line 173, col 113 of module LAM_ISA_Move: 9
@!@!@ENDMSG 2221 @!@!@
@!@!@STARTMSG 2221:0 @!@!@
  |||line 174, col 43 to line 176, col 112 of module LAM_ISA_Move: 18
@!@!@ENDMSG 2221 @!@!@
@!@!@STARTMSG 2221:0 @!@!@
  ||line 183, col 47 to line 183, col 50 of module LAM_ISA_Move: 5184
@!@!@ENDMSG 2221 @!@!@
@!@!@STARTMSG 2221:0 @!@!@
  line 185, col 36 to line 185, col 42 of module LAM_ISA_Move: 5184
@!@!@ENDMSG 2221 @!@!@
@!@!@STARTMSG 2221:0 @!@!@
  line 186, col 41 to line 186, col 103 of module LAM_ISA_Move: 2592
@!@!@ENDMSG 2221 @!@!@
@!@!@STARTMSG 2221:0 @!@!@
  line 187, col 41 to line 187, col 88 of module LAM_ISA_Move: 2592
@!@!@ENDMSG 2221 @!@!@
@!@!@STARTMSG 2221:0 @!@!@
  line 188, col 33 to line 192, col 53 of module LAM_ISA_Move: 5184
@!@!@ENDMSG 2221 @!@!@
@!@!@STARTMSG 2221:0 @!@!@
  line 193, col 33 to line 193, col 51 of module LAM_ISA_Move: 5184
@!@!@ENDMSG 2221 @!@!@
@!@!@STARTMSG 2221:0 @!@!@
  line 162, col 39 to line 162, col 46 of module LAM_ISA_Move: 1341
@!@!@ENDMSG 2221 @!@!@
@!@!@STARTMSG 2775:0 @!@!@
  line 161, col 41 to line 161, col 53 of module LAM_ISA_Move: 693:2034
@!@!@ENDMSG 2775 @!@!@
@!@!@STARTMSG 2221:0 @!@!@
  line 160, col 35 to line 160, col 43 of module LAM_ISA_Move: 81
@!@!@ENDMSG 2221 @!@!@
@!@!@STARTMSG 2221:0 @!@!@
  line 159, col 33 to line 159, col 41 of module LAM_ISA_Move: 47
@!@!@ENDMSG 2221 @!@!@
@!@!@STARTMSG 2221:0 @!@!@
  line 194, col 22 to line 194, col 33 of module LAM_ISA_Move: 0
@!@!@ENDMSG 2221 @!@!@
@!@!@STARTMSG 2221:0 @!@!@
  line 195, col 22 to line 195, col 77 of module LAM_ISA_Move: 0
@!@!@ENDMSG 2221 @!@!@
@!@!@STARTMSG 2221:0 @!@!@
  line 196, col 11 to line 196, col 59 of module LAM_ISA_Move: 5184
@!@!@ENDMSG 2221 @!@!@
@!@!@STARTMSG 2772:0 @!@!@
<Terminating line 199, col 1 to line 199, col 11 of module LAM_ISA_Move>: 0:0
@!@!@ENDMSG 2772 @!@!@
@!@!@STARTMSG 2221:0 @!@!@
  line 199, col 16 to line 199, col 26 of module LAM_ISA_Move: 45
@!@!@ENDMSG 2221 @!@!@
@!@!@STARTMSG 2221:0 @!@!@
  line 199, col 31 to line 199, col 44 of module LAM_ISA_Move: 0
@!@!@ENDMSG 2221 @!@!@
@!@!@STARTMSG 2774:0 @!@!@
<TypeInvariant line 110, col 1 to line 110, col 13 of module LAM_ISA_Move>
@!@!@ENDMSG 2774 @!@!@
@!@!@STARTMSG 2221:0 @!@!@
  line 110, col 18 to line 111, col 40 of module LAM_ISA_Move: 387
@!@!@ENDMSG 2221 @!@!@
@!@!@STARTMSG 2221:0 @!@!@
  |line 110, col 21 to line 110, col 41 of module LAM_ISA_Move: 387
@!@!@ENDMSG 2221 @!@!@
@!@!@STARTMSG 2221:0 @!@!@
  |line 111, col 21 to line 111, col 40 of module LAM_ISA_Move: 387
@!@!@ENDMSG 2221 @!@!@
@!@!@STARTMSG 2221:0 @!@!@
  ||line 102, col 25 to line 108, col 68 of module LAM_ISA_Move: 387
@!@!@ENDMSG 2221 @!@!@
@!@!@STARTMSG 2221:0 @!@!@
  |||line 102, col 28 to line 102, col 45 of module LAM_ISA_Move: 387
@!@!@ENDMSG 2221 @!@!@
@!@!@STARTMSG 2221:0 @!@!@
  |||line 103, col 28 to line 108, col 68 of module LAM_ISA_Move: 386
@!@!@ENDMSG 2221 @!@!@
@!@!@STARTMSG 2221:0 @!@!@
  ||||line 103, col 31 to line 103, col 67 of module LAM_ISA_Move: 386
@!@!@ENDMSG 2221 @!@!@
@!@!@STARTMSG 2221:0 @!@!@
  ||||line 104, col 31 to line 104, col 65 of module LAM_ISA_Move: 386
@!@!@ENDMSG 2221 @!@!@
@!@!@STARTMSG 2221:0 @!@!@
  ||||line 105, col 31 to line 108, col 68 of module LAM_ISA_Move: 386
@!@!@ENDMSG 2221 @!@!@
@!@!@STARTMSG 2221:0 @!@!@
  |||||line 105, col 34 to line 106, col 71 of module LAM_ISA_Move: 386
@!@!@ENDMSG 2221 @!@!@
@!@!@STARTMSG 2221:0 @!@!@
  ||||||line 105, col 37 to line 105, col 73 of module LAM_ISA_Move: 386
@!@!@ENDMSG 2221 @!@!@
@!@!@STARTMSG 2221:0 @!@!@
  ||||||line 106, col 37 to line 106, col 71 of module LAM_ISA_Move: 350
@!@!@ENDMSG 2221 @!@!@
@!@!@STARTMSG 2221:0 @!@!@
  |||||line 107, col 34 to line 108, col 68 of module LAM_ISA_Move: 36
@!@!@ENDMSG 2221 @!@!@
@!@!@STARTMSG 2202:0 @!@!@
End of statistics.
@!@!@ENDMSG 2202 @!@!@
@!@!@STARTMSG 2200:0 @!@!@
Progress(3) at 2020-12-19 14:26:57: 2,637 states generated (50,404 s/min), 387 distinct states found (7,397 ds/min), 298 states left on queue.
@!@!@ENDMSG 2200 @!@!@
@!@!@STARTMSG 2199:0 @!@!@
2637 states generated, 387 distinct states found, 298 states left on queue.
@!@!@ENDMSG 2199 @!@!@
@!@!@STARTMSG 2194:0 @!@!@
The depth of the complete state graph search is 3.
@!@!@ENDMSG 2194 @!@!@
@!@!@STARTMSG 2186:0 @!@!@
Finished in 3145ms at (2020-12-19 14:26:57)
@!@!@ENDMSG 2186 @!@!@
